+ mkdir -p /root/docker-brew-debian/wheezy/rootfs
+ debootstrap --variant=minbase --components=main --include=inetutils-ping,iproute,wget --arch=armhf wheezy /root/docker-brew-debian/wheezy/rootfs http://httpredir.debian.org/debian
W: Cannot check Release signature; keyring file not available /usr/share/keyrings/debian-archive-keyring.gpg
I: Retrieving Release 
I: Retrieving Packages 
I: Validating Packages 
I: Resolving dependencies of required packages...
I: Resolving dependencies of base packages...
I: Found additional required dependencies: insserv libbz2-1.0 libdb5.1 libsemanage-common libsemanage1 libslang2 libustr-1.0-1 
I: Found additional base dependencies: debian-archive-keyring gnupg gpgv libapt-pkg4.12 libgcrypt11 libgnutls26 libgpg-error0 libidn11 libp11-kit0 libreadline6 libstdc++6 libtasn1-3 libusb-0.1-4 netbase readline-common 
I: Checking component main on http://httpredir.debian.org/debian...
I: Retrieving libacl1 2.2.51-8
I: Validating libacl1 2.2.51-8
I: Retrieving apt 0.9.7.9+deb7u7
I: Validating apt 0.9.7.9+deb7u7
I: Retrieving libapt-pkg4.12 0.9.7.9+deb7u7
I: Validating libapt-pkg4.12 0.9.7.9+deb7u7
I: Retrieving libattr1 1:2.4.46-8
I: Validating libattr1 1:2.4.46-8
I: Retrieving base-files 7.1wheezy9
I: Validating base-files 7.1wheezy9
I: Retrieving base-passwd 3.5.26
I: Validating base-passwd 3.5.26
I: Retrieving bash 4.2+dfsg-0.1+deb7u3
I: Validating bash 4.2+dfsg-0.1+deb7u3
I: Retrieving libbz2-1.0 1.0.6-4
I: Validating libbz2-1.0 1.0.6-4
I: Retrieving coreutils 8.13-3.5
I: Validating coreutils 8.13-3.5
I: Retrieving dash 0.5.7-3
I: Validating dash 0.5.7-3
I: Retrieving libdb5.1 5.1.29-5
I: Validating libdb5.1 5.1.29-5
I: Retrieving debconf 1.5.49
I: Validating debconf 1.5.49
I: Retrieving debconf-i18n 1.5.49
I: Validating debconf-i18n 1.5.49
I: Retrieving debian-archive-keyring 2014.3~deb7u1
I: Validating debian-archive-keyring 2014.3~deb7u1
I: Retrieving debianutils 4.3.2
I: Validating debianutils 4.3.2
I: Retrieving diffutils 1:3.2-6
I: Validating diffutils 1:3.2-6
I: Retrieving dpkg 1.16.16
I: Validating dpkg 1.16.16
I: Retrieving e2fslibs 1.42.5-1.1+deb7u1
I: Validating e2fslibs 1.42.5-1.1+deb7u1
I: Retrieving e2fsprogs 1.42.5-1.1+deb7u1
I: Validating e2fsprogs 1.42.5-1.1+deb7u1
I: Retrieving libcomerr2 1.42.5-1.1+deb7u1
I: Validating libcomerr2 1.42.5-1.1+deb7u1
I: Retrieving libss2 1.42.5-1.1+deb7u1
I: Validating libss2 1.42.5-1.1+deb7u1
I: Retrieving libc-bin 2.13-38+deb7u8
I: Validating libc-bin 2.13-38+deb7u8
I: Retrieving libc6 2.13-38+deb7u8
I: Validating libc6 2.13-38+deb7u8
I: Retrieving multiarch-support 2.13-38+deb7u8
I: Validating multiarch-support 2.13-38+deb7u8
I: Retrieving findutils 4.4.2-4
I: Validating findutils 4.4.2-4
I: Retrieving gcc-4.7-base 4.7.2-5
I: Validating gcc-4.7-base 4.7.2-5
I: Retrieving libgcc1 1:4.7.2-5
I: Validating libgcc1 1:4.7.2-5
I: Retrieving libstdc++6 4.7.2-5
I: Validating libstdc++6 4.7.2-5
I: Retrieving gnupg 1.4.12-7+deb7u7
I: Validating gnupg 1.4.12-7+deb7u7
I: Retrieving gpgv 1.4.12-7+deb7u7
I: Validating gpgv 1.4.12-7+deb7u7
I: Retrieving libgnutls26 2.12.20-8+deb7u3
I: Validating libgnutls26 2.12.20-8+deb7u3
I: Retrieving grep 2.12-2
I: Validating grep 2.12-2
I: Retrieving gzip 1.5-1.1
I: Validating gzip 1.5-1.1
I: Retrieving hostname 3.11
I: Validating hostname 3.11
I: Retrieving inetutils-ping 2:1.9-2
I: Validating inetutils-ping 2:1.9-2
I: Retrieving insserv 1.14.0-5
I: Validating insserv 1.14.0-5
I: Retrieving iproute 20120521-3+b3
I: Validating iproute 20120521-3+b3
I: Retrieving libgcrypt11 1.5.0-5+deb7u3
I: Validating libgcrypt11 1.5.0-5+deb7u3
I: Retrieving libgpg-error0 1.10-3.1
I: Validating libgpg-error0 1.10-3.1
I: Retrieving libidn11 1.25-2
I: Validating libidn11 1.25-2
I: Retrieving liblocale-gettext-perl 1.05-7+b3
I: Validating liblocale-gettext-perl 1.05-7+b3
I: Retrieving libselinux1 2.1.9-5
I: Validating libselinux1 2.1.9-5
I: Retrieving libsemanage-common 2.1.6-6
I: Validating libsemanage-common 2.1.6-6
I: Retrieving libsemanage1 2.1.6-6
I: Validating libsemanage1 2.1.6-6
I: Retrieving libsepol1 2.1.4-3
I: Validating libsepol1 2.1.4-3
I: Retrieving libtasn1-3 2.13-2+deb7u2
I: Validating libtasn1-3 2.13-2+deb7u2
I: Retrieving libtext-charwidth-perl 0.04-7+b2
I: Validating libtext-charwidth-perl 0.04-7+b2
I: Retrieving libtext-iconv-perl 1.7-5
I: Validating libtext-iconv-perl 1.7-5
I: Retrieving libtext-wrapi18n-perl 0.06-7
I: Validating libtext-wrapi18n-perl 0.06-7
I: Retrieving libusb-0.1-4 2:0.1.12-20+nmu1
I: Validating libusb-0.1-4 2:0.1.12-20+nmu1
I: Retrieving lsb-base 4.1+Debian8+deb7u1
I: Validating lsb-base 4.1+Debian8+deb7u1
I: Retrieving mawk 1.3.3-17
I: Validating mawk 1.3.3-17
I: Retrieving libncurses5 5.9-10
I: Validating libncurses5 5.9-10
I: Retrieving libtinfo5 5.9-10
I: Validating libtinfo5 5.9-10
I: Retrieving ncurses-base 5.9-10
I: Validating ncurses-base 5.9-10
I: Retrieving ncurses-bin 5.9-10
I: Validating ncurses-bin 5.9-10
I: Retrieving netbase 5.0
I: Validating netbase 5.0
I: Retrieving libp11-kit0 0.12-3
I: Validating libp11-kit0 0.12-3
I: Retrieving libpam-modules 1.1.3-7.1
I: Validating libpam-modules 1.1.3-7.1
I: Retrieving libpam-modules-bin 1.1.3-7.1
I: Validating libpam-modules-bin 1.1.3-7.1
I: Retrieving libpam-runtime 1.1.3-7.1
I: Validating libpam-runtime 1.1.3-7.1
I: Retrieving libpam0g 1.1.3-7.1
I: Validating libpam0g 1.1.3-7.1
I: Retrieving perl-base 5.14.2-21+deb7u2
I: Validating perl-base 5.14.2-21+deb7u2
I: Retrieving libreadline6 6.2+dfsg-0.1
I: Validating libreadline6 6.2+dfsg-0.1
I: Retrieving readline-common 6.2+dfsg-0.1
I: Validating readline-common 6.2+dfsg-0.1
I: Retrieving sed 4.2.1-10
I: Validating sed 4.2.1-10
I: Retrieving sensible-utils 0.0.7
I: Validating sensible-utils 0.0.7
I: Retrieving login 1:4.1.5.1-1
I: Validating login 1:4.1.5.1-1
I: Retrieving passwd 1:4.1.5.1-1
I: Validating passwd 1:4.1.5.1-1
I: Retrieving libslang2 2.2.4-15
I: Validating libslang2 2.2.4-15
I: Retrieving initscripts 2.88dsf-41+deb7u1
I: Validating initscripts 2.88dsf-41+deb7u1
I: Retrieving sysv-rc 2.88dsf-41+deb7u1
I: Validating sysv-rc 2.88dsf-41+deb7u1
I: Retrieving sysvinit 2.88dsf-41+deb7u1
I: Validating sysvinit 2.88dsf-41+deb7u1
I: Retrieving sysvinit-utils 2.88dsf-41+deb7u1
I: Validating sysvinit-utils 2.88dsf-41+deb7u1
I: Retrieving tar 1.26+dfsg-0.1
I: Validating tar 1.26+dfsg-0.1
I: Retrieving tzdata 2015f-0+deb7u1
I: Validating tzdata 2015f-0+deb7u1
I: Retrieving libustr-1.0-1 1.0.4-3
I: Validating libustr-1.0-1 1.0.4-3
I: Retrieving bsdutils 1:2.20.1-5.3
I: Validating bsdutils 1:2.20.1-5.3
I: Retrieving libblkid1 2.20.1-5.3
I: Validating libblkid1 2.20.1-5.3
I: Retrieving libmount1 2.20.1-5.3
I: Validating libmount1 2.20.1-5.3
I: Retrieving libuuid1 2.20.1-5.3
I: Validating libuuid1 2.20.1-5.3
I: Retrieving mount 2.20.1-5.3
I: Validating mount 2.20.1-5.3
I: Retrieving util-linux 2.20.1-5.3
I: Validating util-linux 2.20.1-5.3
I: Retrieving wget 1.13.4-3+deb7u2
I: Validating wget 1.13.4-3+deb7u2
I: Retrieving liblzma5 5.1.1alpha+20120614-2
I: Validating liblzma5 5.1.1alpha+20120614-2
I: Retrieving xz-utils 5.1.1alpha+20120614-2
I: Validating xz-utils 5.1.1alpha+20120614-2
I: Retrieving zlib1g 1:1.2.7.dfsg-13
I: Validating zlib1g 1:1.2.7.dfsg-13
I: Chosen extractor for .deb packages: dpkg-deb
I: Extracting libacl1...
I: Extracting libattr1...
I: Extracting base-files...
I: Extracting base-passwd...
I: Extracting bash...
I: Extracting libbz2-1.0...
I: Extracting coreutils...
I: Extracting dash...
I: Extracting libdb5.1...
I: Extracting debconf...
I: Extracting debconf-i18n...
I: Extracting debianutils...
I: Extracting diffutils...
I: Extracting dpkg...
I: Extracting e2fslibs...
I: Extracting e2fsprogs...
I: Extracting libcomerr2...
I: Extracting libss2...
I: Extracting libc-bin...
I: Extracting libc6...
I: Extracting multiarch-support...
I: Extracting findutils...
I: Extracting gcc-4.7-base...
I: Extracting libgcc1...
I: Extracting grep...
I: Extracting gzip...
I: Extracting hostname...
I: Extracting insserv...
I: Extracting liblocale-gettext-perl...
I: Extracting libselinux1...
I: Extracting libsemanage-common...
I: Extracting libsemanage1...
I: Extracting libsepol1...
I: Extracting libtext-charwidth-perl...
I: Extracting libtext-iconv-perl...
I: Extracting libtext-wrapi18n-perl...
I: Extracting lsb-base...
I: Extracting mawk...
I: Extracting libncurses5...
I: Extracting libtinfo5...
I: Extracting ncurses-base...
I: Extracting ncurses-bin...
I: Extracting libpam-modules...
I: Extracting libpam-modules-bin...
I: Extracting libpam-runtime...
I: Extracting libpam0g...
I: Extracting perl-base...
I: Extracting sed...
I: Extracting sensible-utils...
I: Extracting login...
I: Extracting passwd...
I: Extracting libslang2...
I: Extracting initscripts...
I: Extracting sysv-rc...
I: Extracting sysvinit...
I: Extracting sysvinit-utils...
I: Extracting tar...
I: Extracting tzdata...
I: Extracting libustr-1.0-1...
I: Extracting bsdutils...
I: Extracting libblkid1...
I: Extracting libmount1...
I: Extracting libuuid1...
I: Extracting mount...
I: Extracting util-linux...
I: Extracting liblzma5...
I: Extracting xz-utils...
I: Extracting zlib1g...
I: Installing core packages...
I: Unpacking required packages...
I: Unpacking libacl1:armhf...
I: Unpacking libattr1:armhf...
I: Unpacking base-files...
I: Unpacking base-passwd...
I: Unpacking bash...
I: Unpacking libbz2-1.0:armhf...
I: Unpacking coreutils...
I: Unpacking dash...
I: Unpacking libdb5.1:armhf...
I: Unpacking debconf...
I: Unpacking debconf-i18n...
I: Unpacking debianutils...
I: Unpacking diffutils...
I: Unpacking dpkg...
I: Unpacking e2fslibs:armhf...
I: Unpacking e2fsprogs...
I: Unpacking libcomerr2:armhf...
I: Unpacking libss2:armhf...
I: Unpacking libc-bin...
I: Unpacking libc6:armhf...
I: Unpacking multiarch-support...
I: Unpacking findutils...
I: Unpacking gcc-4.7-base:armhf...
I: Unpacking libgcc1:armhf...
I: Unpacking grep...
I: Unpacking gzip...
I: Unpacking hostname...
I: Unpacking insserv...
I: Unpacking liblocale-gettext-perl...
I: Unpacking libselinux1:armhf...
I: Unpacking libsemanage-common...
I: Unpacking libsemanage1:armhf...
I: Unpacking libsepol1:armhf...
I: Unpacking libtext-charwidth-perl...
I: Unpacking libtext-iconv-perl...
I: Unpacking libtext-wrapi18n-perl...
I: Unpacking lsb-base...
I: Unpacking mawk...
I: Unpacking libncurses5:armhf...
I: Unpacking libtinfo5:armhf...
I: Unpacking ncurses-base...
I: Unpacking ncurses-bin...
I: Unpacking libpam-modules:armhf...
I: Unpacking libpam-modules-bin...
I: Unpacking libpam-runtime...
I: Unpacking libpam0g:armhf...
I: Unpacking perl-base...
I: Unpacking sed...
I: Unpacking sensible-utils...
I: Unpacking login...
I: Unpacking passwd...
I: Unpacking libslang2:armhf...
I: Unpacking initscripts...
I: Unpacking sysv-rc...
I: Unpacking sysvinit...
I: Unpacking sysvinit-utils...
I: Unpacking tar...
I: Unpacking tzdata...
I: Unpacking libustr-1.0-1:armhf...
I: Unpacking bsdutils...
I: Unpacking libblkid1:armhf...
I: Unpacking libmount1...
I: Unpacking libuuid1:armhf...
I: Unpacking mount...
I: Unpacking util-linux...
I: Unpacking liblzma5:armhf...
I: Unpacking xz-utils...
I: Unpacking zlib1g:armhf...
I: Configuring required packages...
I: Configuring lsb-base...
I: Configuring ncurses-base...
I: Configuring sensible-utils...
I: Configuring libsemanage-common...
I: Configuring gcc-4.7-base:armhf...
I: Configuring libc-bin...
I: Configuring libc6:armhf...
I: Configuring debianutils...
I: Configuring base-passwd...
I: Configuring mawk...
I: Configuring hostname...
I: Configuring insserv...
I: Configuring multiarch-support...
I: Configuring libselinux1:armhf...
I: Configuring libsepol1:armhf...
I: Configuring libgcc1:armhf...
I: Configuring base-files...
I: Configuring libattr1:armhf...
I: Configuring e2fslibs:armhf...
I: Configuring libcomerr2:armhf...
I: Configuring libacl1:armhf...
I: Configuring libslang2:armhf...
I: Configuring libss2:armhf...
I: Configuring liblzma5:armhf...
I: Configuring libdb5.1:armhf...
I: Configuring libbz2-1.0:armhf...
I: Configuring libtinfo5:armhf...
I: Configuring sysvinit-utils...
I: Configuring libustr-1.0-1:armhf...
I: Configuring bsdutils...
I: Configuring ncurses-bin...
I: Configuring libsemanage1:armhf...
I: Configuring tar...
I: Configuring zlib1g:armhf...
I: Configuring libncurses5:armhf...
I: Configuring xz-utils...
I: Configuring dpkg...
I: Configuring dash...
I: Configuring coreutils...
I: Configuring perl-base...
I: Configuring diffutils...
I: Configuring libtext-iconv-perl...
I: Configuring sed...
I: Configuring grep...
I: Configuring findutils...
I: Configuring gzip...
I: Configuring liblocale-gettext-perl...
I: Configuring bash...
I: Configuring libtext-charwidth-perl...
I: Configuring libtext-wrapi18n-perl...
I: Configuring debconf...
I: Configuring libpam0g:armhf...
I: Configuring sysv-rc...
I: Configuring tzdata...
I: Configuring debconf-i18n...
I: Configuring initscripts...
I: Configuring libpam-modules-bin...
I: Configuring libpam-modules:armhf...
I: Configuring passwd...
I: Configuring libpam-runtime...
I: Configuring sysvinit...
I: Configuring login...
I: Configuring libuuid1:armhf...
I: Configuring libblkid1:armhf...
I: Configuring util-linux...
I: Configuring libmount1...
I: Configuring mount...
I: Configuring e2fsprogs...
I: Unpacking the base system...
I: Unpacking apt...
I: Unpacking libapt-pkg4.12:armhf...
I: Unpacking debian-archive-keyring...
I: Unpacking libstdc++6:armhf...
I: Unpacking gnupg...
I: Unpacking gpgv...
I: Unpacking libgnutls26:armhf...
I: Unpacking inetutils-ping...
I: Unpacking iproute...
I: Unpacking libgcrypt11:armhf...
I: Unpacking libgpg-error0:armhf...
I: Unpacking libidn11:armhf...
I: Unpacking libtasn1-3:armhf...
I: Unpacking libusb-0.1-4:armhf...
I: Unpacking netbase...
I: Unpacking libp11-kit0:armhf...
I: Unpacking libreadline6:armhf...
I: Unpacking readline-common...
I: Unpacking wget...
I: Configuring the base system...
I: Configuring gpgv...
I: Configuring libtasn1-3:armhf...
I: Configuring libusb-0.1-4:armhf...
I: Configuring libgpg-error0:armhf...
I: Configuring netbase...
I: Configuring iproute...
I: Configuring libidn11:armhf...
I: Configuring inetutils-ping...
I: Configuring debian-archive-keyring...
I: Configuring libp11-kit0:armhf...
I: Configuring libstdc++6:armhf...
I: Configuring readline-common...
I: Configuring libgcrypt11:armhf...
I: Configuring libapt-pkg4.12:armhf...
I: Configuring libreadline6:armhf...
I: Configuring gnupg...
I: Configuring libgnutls26:armhf...
I: Configuring apt...
I: Configuring wget...
I: Base system installed successfully.
+ echo exit 101 > '/root/docker-brew-debian/wheezy/rootfs/usr/sbin/policy-rc.d'
+ rootfs_chroot dpkg-divert --local --rename --add /sbin/initctl
+ PATH=/usr/local/sbin:/usr/local/bin:/usr/sbin:/usr/bin:/sbin:/bin
+ /usr/sbin/chroot /root/docker-brew-debian/wheezy/rootfs dpkg-divert --local --rename --add /sbin/initctl
Adding 'local diversion of /sbin/initctl to /sbin/initctl.distrib'
+ cp -a /root/docker-brew-debian/wheezy/rootfs/usr/sbin/policy-rc.d /root/docker-brew-debian/wheezy/rootfs/sbin/initctl
+ sed -i 's/^exit.*/exit 0/' /root/docker-brew-debian/wheezy/rootfs/sbin/initctl
+ rootfs_chroot apt-get clean
+ PATH=/usr/local/sbin:/usr/local/bin:/usr/sbin:/usr/bin:/sbin:/bin
+ /usr/sbin/chroot /root/docker-brew-debian/wheezy/rootfs apt-get clean
+ echo force-unsafe-io > '/root/docker-brew-debian/wheezy/rootfs/etc/dpkg/dpkg.cfg.d/docker-apt-speedup'
+ cat > '/root/docker-brew-debian/wheezy/rootfs/etc/apt/apt.conf.d/docker-clean'
+ echo Acquire::Languages 'none' > '/root/docker-brew-debian/wheezy/rootfs/etc/apt/apt.conf.d/docker-no-languages'
+ echo Acquire::GzipIndexes 'true' > '/root/docker-brew-debian/wheezy/rootfs/etc/apt/apt.conf.d/docker-gzip-indexes'
+ echo Apt::AutoRemove::SuggestsImportant 'false' > '/root/docker-brew-debian/wheezy/rootfs/etc/apt/apt.conf.d/docker-autoremove-suggests'
+ sed -i '
						p;
						s/ wheezy / wheezy-updates /
					' /root/docker-brew-debian/wheezy/rootfs/etc/apt/sources.list
+ echo 'deb http://security.debian.org wheezy/updates main'
+ '[' -f /root/docker-brew-debian/wheezy/rootfs/etc/debian_version ']'
+ ltsSuite=
+ case "$(cat "$rootfsDir/etc/debian_version")" in
++ cat /root/docker-brew-debian/wheezy/rootfs/etc/debian_version
+ '[' '' ']'
+ rootfs_chroot sh -xc 'apt-get update && apt-get dist-upgrade -y'
+ PATH=/usr/local/sbin:/usr/local/bin:/usr/sbin:/usr/bin:/sbin:/bin
+ /usr/sbin/chroot /root/docker-brew-debian/wheezy/rootfs sh -xc 'apt-get update && apt-get dist-upgrade -y'
+ apt-get update
Get:1 http://httpredir.debian.org wheezy Release.gpg [2373 B]
Get:2 http://httpredir.debian.org wheezy-updates Release.gpg [1554 B]
Hit http://httpredir.debian.org wheezy Release
Get:3 http://security.debian.org wheezy/updates Release.gpg [1554 B]
Get:4 http://httpredir.debian.org wheezy-updates Release [151 kB]
Get:5 http://security.debian.org wheezy/updates Release [102 kB]
Get:6 http://httpredir.debian.org wheezy/main armhf Packages [7444 kB]
Get:7 http://security.debian.org wheezy/updates/main armhf Packages [390 kB]
Get:8 http://httpredir.debian.org wheezy-updates/main armhf Packages [4851 B]
Fetched 8097 kB in 6s (1185 kB/s)
Reading package lists...
+ apt-get dist-upgrade -y
Reading package lists...
Building dependency tree...
0 upgraded, 0 newly installed, 0 to remove and 0 not upgraded.
+ rm -rf /root/docker-brew-debian/wheezy/rootfs/var/lib/apt/lists/httpredir.debian.org_debian_dists_wheezy_main_binary-armhf_Packages.gz /root/docker-brew-debian/wheezy/rootfs/var/lib/apt/lists/httpredir.debian.org_debian_dists_wheezy_Release /root/docker-brew-debian/wheezy/rootfs/var/lib/apt/lists/httpredir.debian.org_debian_dists_wheezy_Release.gpg /root/docker-brew-debian/wheezy/rootfs/var/lib/apt/lists/httpredir.debian.org_debian_dists_wheezy-updates_main_binary-armhf_Packages.gz /root/docker-brew-debian/wheezy/rootfs/var/lib/apt/lists/httpredir.debian.org_debian_dists_wheezy-updates_Release /root/docker-brew-debian/wheezy/rootfs/var/lib/apt/lists/httpredir.debian.org_debian_dists_wheezy-updates_Release.gpg /root/docker-brew-debian/wheezy/rootfs/var/lib/apt/lists/lock /root/docker-brew-debian/wheezy/rootfs/var/lib/apt/lists/partial /root/docker-brew-debian/wheezy/rootfs/var/lib/apt/lists/security.debian.org_dists_wheezy_updates_main_binary-armhf_Packages.gz /root/docker-brew-debian/wheezy/rootfs/var/lib/apt/lists/security.debian.org_dists_wheezy_updates_Release /root/docker-brew-debian/wheezy/rootfs/var/lib/apt/lists/security.debian.org_dists_wheezy_updates_Release.gpg
+ mkdir /root/docker-brew-debian/wheezy/rootfs/var/lib/apt/lists/partial
+ tar --numeric-owner -caf /root/docker-brew-debian/wheezy/rootfs.tar.xz -C /root/docker-brew-debian/wheezy/rootfs '--transform=s,^./,,' .
+ cat > '/root/docker-brew-debian/wheezy/Dockerfile'
+ echo 'CMD ["/bin/bash"]'
+ rm -rf /root/docker-brew-debian/wheezy/rootfs
